This file contains any messages produced by compilers while
running configure, to aid debugging if configure makes a mistake.

It was created by efl-sharp configure 0.1, which was
generated by GNU Autoconf 2.68.  Invocation command line was

  $ ./configure --enable-maintainer-mode --prefix=/usr --no-create --no-recursion

## --------- ##
## Platform. ##
## --------- ##

hostname = tabasco
uname -m = x86_64
uname -r = 2.6.39-gentoo
uname -s = Linux
uname -v = #5 SMP Sat Jun 18 11:37:28 CEST 2011

/usr/bin/uname -p = Genuine Intel(R) CPU U7300 @ 1.30GHz
/bin/uname -X     = unknown

/bin/arch              = unknown
/usr/bin/arch -k       = unknown
/usr/convex/getsysinfo = unknown
/usr/bin/hostinfo      = unknown
/bin/machine           = unknown
/usr/bin/oslevel       = unknown
/bin/universe          = unknown

PATH: /usr/local/bin
PATH: /usr/bin
PATH: /bin
PATH: /opt/bin
PATH: /usr/x86_64-pc-linux-gnu/gcc-bin/4.4.4
PATH: /opt/android-sdk-update-manager/tools
PATH: /opt/android-sdk-update-manager/platform-tools
PATH: /usr/lib64/subversion/bin
PATH: /usr/games/bin


## ----------- ##
## Core tests. ##
## ----------- ##

configure:1740: checking for a BSD-compatible install
configure:1808: result: /usr/bin/install -c
configure:1819: checking whether build environment is sane
configure:1869: result: yes
configure:2010: checking for a thread-safe mkdir -p
configure:2049: result: /bin/mkdir -p
configure:2062: checking for gawk
configure:2078: found /usr/bin/gawk
configure:2089: result: gawk
configure:2100: checking whether make sets $(MAKE)
configure:2122: result: yes
configure:2203: checking whether to enable maintainer-specific portions of Makefiles
configure:2212: result: yes
configure:2228: checking for pkg-config
configure:2246: found /usr/bin/pkg-config
configure:2259: result: /usr/bin/pkg-config
configure:2279: checking for gmcs
configure:2297: found /usr/bin/gmcs
configure:2310: result: /usr/bin/gmcs
configure:2545: creating ./config.status

## ---------------- ##
## Cache variables. ##
## ---------------- ##

ac_cv_env_build_alias_set=
ac_cv_env_build_alias_value=
ac_cv_env_host_alias_set=
ac_cv_env_host_alias_value=
ac_cv_env_target_alias_set=
ac_cv_env_target_alias_value=
ac_cv_path_GMCS=/usr/bin/gmcs
ac_cv_path_PKG_CONFIG=/usr/bin/pkg-config
ac_cv_path_install='/usr/bin/install -c'
ac_cv_path_mkdir=/bin/mkdir
ac_cv_prog_AWK=gawk
ac_cv_prog_make_make_set=yes

## ----------------- ##
## Output variables. ##
## ----------------- ##

ACLOCAL='${SHELL} /home/andreas/Development/efl-sharp/missing --run aclocal-1.11'
AMTAR='${SHELL} /home/andreas/Development/efl-sharp/missing --run tar'
AUTOCONF='${SHELL} /home/andreas/Development/efl-sharp/missing --run autoconf'
AUTOHEADER='${SHELL} /home/andreas/Development/efl-sharp/missing --run autoheader'
AUTOMAKE='${SHELL} /home/andreas/Development/efl-sharp/missing --run automake-1.11'
AWK='gawk'
CYGPATH_W='echo'
DEFS='-DPACKAGE_NAME=\"efl-sharp\" -DPACKAGE_TARNAME=\"efl-sharp\" -DPACKAGE_VERSION=\"0.1\" -DPACKAGE_STRING=\"efl-sharp\ 0.1\" -DPACKAGE_BUGREPORT=\"\" -DPACKAGE_URL=\"\" -DPACKAGE=\"efl-sharp\" -DVERSION=\"0.1\"'
ECHO_C=''
ECHO_N='-n'
ECHO_T=''
ENABLE_DEBUG_FALSE='#'
ENABLE_DEBUG_TRUE=''
ENABLE_RELEASE_FALSE=''
ENABLE_RELEASE_TRUE='#'
GMCS='/usr/bin/gmcs'
INSTALL_DATA='${INSTALL} -m 644'
INSTALL_PROGRAM='${INSTALL}'
INSTALL_SCRIPT='${INSTALL}'
INSTALL_STRIP_PROGRAM='$(install_sh) -c -s'
LIBOBJS=''
LIBS=''
LTLIBOBJS=''
MAINT=''
MAINTAINER_MODE_FALSE='#'
MAINTAINER_MODE_TRUE=''
MAKEINFO='${SHELL} /home/andreas/Development/efl-sharp/missing --run makeinfo'
MKDIR_P='/bin/mkdir -p'
PACKAGE='efl-sharp'
PACKAGE_BUGREPORT=''
PACKAGE_NAME='efl-sharp'
PACKAGE_STRING='efl-sharp 0.1'
PACKAGE_TARNAME='efl-sharp'
PACKAGE_URL=''
PACKAGE_VERSION='0.1'
PATH_SEPARATOR=':'
PKG_CONFIG='/usr/bin/pkg-config'
SET_MAKE=''
SHELL='/bin/sh'
STRIP=''
VERSION='0.1'
am__isrc=''
am__leading_dot='.'
am__tar='${AMTAR} chof - "$$tardir"'
am__untar='${AMTAR} xf -'
bindir='${exec_prefix}/bin'
build_alias=''
datadir='${datarootdir}'
datarootdir='${prefix}/share'
docdir='${datarootdir}/doc/${PACKAGE_TARNAME}'
dvidir='${docdir}'
exec_prefix='${prefix}'
host_alias=''
htmldir='${docdir}'
includedir='${prefix}/include'
infodir='${datarootdir}/info'
install_sh='${SHELL} /home/andreas/Development/efl-sharp/install-sh'
libdir='${exec_prefix}/lib'
libexecdir='${exec_prefix}/libexec'
localedir='${datarootdir}/locale'
localstatedir='${prefix}/var'
mandir='${datarootdir}/man'
mkdir_p='/bin/mkdir -p'
oldincludedir='/usr/include'
pdfdir='${docdir}'
prefix='/usr'
program_transform_name='s,x,x,'
psdir='${docdir}'
sbindir='${exec_prefix}/sbin'
sharedstatedir='${prefix}/com'
sysconfdir='${prefix}/etc'
target_alias=''

## ----------- ##
## confdefs.h. ##
## ----------- ##

/* confdefs.h */
#define PACKAGE_NAME "efl-sharp"
#define PACKAGE_TARNAME "efl-sharp"
#define PACKAGE_VERSION "0.1"
#define PACKAGE_STRING "efl-sharp 0.1"
#define PACKAGE_BUGREPORT ""
#define PACKAGE_URL ""
#define PACKAGE "efl-sharp"
#define VERSION "0.1"

configure: exit 0

## ---------------------- ##
## Running config.status. ##
## ---------------------- ##

This file was extended by efl-sharp config.status 0.1, which was
generated by GNU Autoconf 2.68.  Invocation command line was

  CONFIG_FILES    = 
  CONFIG_HEADERS  = 
  CONFIG_LINKS    = 
  CONFIG_COMMANDS = 
  $ ./config.status 

on tabasco

config.status:773: creating efl-sharp-common/efl-sharp-common.pc
config.status:773: creating efl-sharp-common/Makefile
config.status:773: creating evas-sharp/evas-sharp.pc
config.status:773: creating evas-sharp/Makefile
config.status:773: creating eina-sharp/eina-sharp.pc
config.status:773: creating eina-sharp/Makefile
config.status:773: creating ecore-sharp/ecore-sharp.pc
config.status:773: creating ecore-sharp/Makefile
config.status:773: creating ecoreevas-sharp/ecoreevas-sharp.pc
config.status:773: creating ecoreevas-sharp/Makefile
config.status:773: creating edje-sharp/edje-sharp.pc
config.status:773: creating edje-sharp/Makefile
config.status:773: creating elementary-sharp/elementary-sharp.pc
config.status:773: creating elementary-sharp/Makefile
config.status:773: creating Makefile
